<?xml version="1.0" encoding="UTF-8"?>
<!-- Generated by org.testng.reporters.JUnitXMLReporter -->
<testsuite hostname="Rajesh-kumar4" name="chromeTest" tests="4" failures="0" timestamp="27 Feb 2018 19:16:24 GMT" time="66.471" errors="0">
  <testcase name="searchHotel" time="8.498" classname="sprint_1.FabHotel_Search"/>
  <testcase name="hotelList" time="14.069" classname="sprint_1.FabHotel_Search"/>
  <testcase name="finalHotel_Book" time="5.391" classname="sprint_1.FabHotel_Search"/>
  <testcase name="review_Details" time="15.558" classname="sprint_1.FabHotel_Search"/>
</testsuite> <!-- chromeTest -->
