<?xml version="1.0" encoding="UTF-8"?>
<!-- Generated by org.testng.reporters.JUnitXMLReporter -->
<testsuite hostname="Rajesh-kumar4" name="fabHotel" tests="4" failures="0" timestamp="2 Apr 2018 11:13:31 GMT" time="0.044" errors="0">
  <testcase name="@BeforeTest BrowserSetup" time="0.0" classname="sprint_1.FabHotel_Search">
    <failure type="org.testng.TestNGException" message="
Parameter &amp;apos;BROWSER&amp;apos; is required by @Configuration on method BrowserSetup but has not been marked @Optional or defined
in C:\Users\rajesh.kumar41\eclipse-workspace\fabHotel.mvn\testng.xml">
      <![CDATA[org.testng.TestNGException: 
Parameter 'BROWSER' is required by @Configuration on method BrowserSetup but has not been marked @Optional or defined
in C:\Users\rajesh.kumar41\eclipse-workspace\fabHotel.mvn\testng.xml
... Removed 19 stack frames]]>
    </failure>
  </testcase> <!-- @BeforeTest BrowserSetup -->
  <testcase name="@AfterTest afterTest" time="0.0" classname="sprint_1.FabHotel_Search">
    <skipped/>
  </testcase> <!-- @AfterTest afterTest -->
  <testcase name="searchHotel" time="0.007" classname="sprint_1.FabHotel_Search">
    <skipped/>
  </testcase> <!-- searchHotel -->
  <testcase name="hotelList" time="0.001" classname="sprint_1.FabHotel_Search">
    <skipped/>
  </testcase> <!-- hotelList -->
  <testcase name="finalHotel_Book" time="0.001" classname="sprint_1.FabHotel_Search">
    <skipped/>
  </testcase> <!-- finalHotel_Book -->
  <testcase name="review_Details" time="0.001" classname="sprint_1.FabHotel_Search">
    <skipped/>
  </testcase> <!-- review_Details -->
</testsuite> <!-- fabHotel -->
