<?xml version="1.0" encoding="UTF-8"?>
<!-- Generated by org.testng.reporters.JUnitXMLReporter -->
<testsuite hostname="Rajesh-kumar4" name="firefoxTest" tests="4" failures="0" timestamp="27 Feb 2018 19:18:12 GMT" time="108.029" errors="0">
  <testcase name="searchHotel" time="6.155" classname="sprint_1.FabHotel_Search"/>
  <testcase name="hotelList" time="13.694" classname="sprint_1.FabHotel_Search"/>
  <testcase name="finalHotel_Book" time="4.269" classname="sprint_1.FabHotel_Search"/>
  <testcase name="review_Details" time="15.526" classname="sprint_1.FabHotel_Search"/>
</testsuite> <!-- firefoxTest -->
