-------------------------------------------------------------------------------
Test set: TestSuite
-------------------------------------------------------------------------------
Tests run: 8, Failures: 7, Errors: 0, Skipped: 0, Time elapsed: 115.388 sec <<< FAILURE! - in TestSuite
searchHotel(sprint_1.FabHotel_Search)  Time elapsed: 2.977 sec  <<< FAILURE!
org.openqa.selenium.WebDriverException: unknown error: call function result missing 'value'
  (Session info: chrome=65.0.3325.181)
  (Driver info: chromedriver=2.33.506120 (e3e53437346286c0bc2d2dc9aa4915ba81d9023f),platform=Windows NT 6.1.7601 SP1 x86_64) (WARNING: The server did not provide any stacktrace information)
Command duration or timeout: 0 milliseconds
Build info: version: '3.9.1', revision: '63f7b50', time: '2018-02-07T22:25:02.294Z'
System info: host: 'RAJESH-KUMAR4', ip: '172.32.24.57', os.name: 'Windows 7', os.arch: 'amd64', os.version: '6.1', java.version: '1.8.0_131'
Driver info: org.openqa.selenium.chrome.ChromeDriver
Capabilities {acceptSslCerts: true, applicationCacheEnabled: false, browserConnectionEnabled: false, browserName: chrome, chrome: {chromedriverVersion: 2.33.506120 (e3e53437346286..., userDataDir: C:\Users\RAJESH~1.KUM\AppDa...}, cssSelectorsEnabled: true, databaseEnabled: false, handlesAlerts: true, hasTouchScreen: false, javascriptEnabled: true, locationContextEnabled: true, mobileEmulationEnabled: false, nativeEvents: true, networkConnectionEnabled: false, pageLoadStrategy: normal, platform: XP, platformName: XP, rotatable: false, setWindowRect: true, takesHeapSnapshot: true, takesScreenshot: true, unexpectedAlertBehaviour: , unhandledPromptBehavior: , version: 65.0.3325.181, webStorageEnabled: true}
Session ID: 8adec5ec8af48d6f668d232787686d2e
	at sun.reflect.NativeConstructorAccessorImpl.newInstance0(Native Method)
	at sun.reflect.NativeConstructorAccessorImpl.newInstance(NativeConstructorAccessorImpl.java:62)
	at sun.reflect.DelegatingConstructorAccessorImpl.newInstance(DelegatingConstructorAccessorImpl.java:45)
	at java.lang.reflect.Constructor.newInstance(Constructor.java:423)
	at org.openqa.selenium.remote.ErrorHandler.createThrowable(ErrorHandler.java:214)
	at org.openqa.selenium.remote.ErrorHandler.throwIfResponseFailed(ErrorHandler.java:166)
	at org.openqa.selenium.remote.http.JsonHttpResponseCodec.reconstructValue(JsonHttpResponseCodec.java:40)
	at org.openqa.selenium.remote.http.AbstractHttpResponseCodec.decode(AbstractHttpResponseCodec.java:80)
	at org.openqa.selenium.remote.http.AbstractHttpResponseCodec.decode(AbstractHttpResponseCodec.java:44)
	at org.openqa.selenium.remote.HttpCommandExecutor.execute(HttpCommandExecutor.java:160)
	at org.openqa.selenium.remote.service.DriverCommandExecutor.execute(DriverCommandExecutor.java:83)
	at org.openqa.selenium.remote.RemoteWebDriver.execute(RemoteWebDriver.java:601)
	at org.openqa.selenium.remote.RemoteWebElement.execute(RemoteWebElement.java:279)
	at org.openqa.selenium.remote.RemoteWebElement.sendKeys(RemoteWebElement.java:100)
	at sprint_1.FabHotel_Search.searchHotel(FabHotel_Search.java:33)

hotelList(sprint_1.FabHotel_Search)  Time elapsed: 12.945 sec  <<< FAILURE!
org.openqa.selenium.TimeoutException: Expected condition failed: waiting for title to be "Budget Hotels in Mumbai, Online Budget Hotel Booking in Mumbai - FabHotels". Current title: "FabHotels: India’s Best Budget Hotels" (tried for 20 second(s) with 500 MILLISECONDS interval)
Build info: version: '3.9.1', revision: '63f7b50', time: '2018-02-07T22:25:02.294Z'
System info: host: 'RAJESH-KUMAR4', ip: '172.32.24.57', os.name: 'Windows 7', os.arch: 'amd64', os.version: '6.1', java.version: '1.8.0_131'
Driver info: org.openqa.selenium.chrome.ChromeDriver
Capabilities {acceptSslCerts: true, applicationCacheEnabled: false, browserConnectionEnabled: false, browserName: chrome, chrome: {chromedriverVersion: 2.33.506120 (e3e53437346286..., userDataDir: C:\Users\RAJESH~1.KUM\AppDa...}, cssSelectorsEnabled: true, databaseEnabled: false, handlesAlerts: true, hasTouchScreen: false, javascriptEnabled: true, locationContextEnabled: true, mobileEmulationEnabled: false, nativeEvents: true, networkConnectionEnabled: false, pageLoadStrategy: normal, platform: XP, platformName: XP, rotatable: false, setWindowRect: true, takesHeapSnapshot: true, takesScreenshot: true, unexpectedAlertBehaviour: , unhandledPromptBehavior: , version: 65.0.3325.181, webStorageEnabled: true}
Session ID: 8adec5ec8af48d6f668d232787686d2e
	at org.openqa.selenium.support.ui.WebDriverWait.timeoutException(WebDriverWait.java:82)
	at org.openqa.selenium.support.ui.FluentWait.until(FluentWait.java:231)
	at sprint_1.FabHotel_Search.hotelList(FabHotel_Search.java:94)

finalHotel_Book(sprint_1.FabHotel_Search)  Time elapsed: 0.017 sec  <<< FAILURE!
java.lang.IndexOutOfBoundsException: Index: 1, Size: 1
	at java.util.ArrayList.rangeCheck(ArrayList.java:653)
	at java.util.ArrayList.get(ArrayList.java:429)
	at sprint_1.FabHotel_Search.finalHotel_Book(FabHotel_Search.java:131)

hotelList(sprint_1.FabHotel_Search)  Time elapsed: 7.26 sec  <<< FAILURE!
org.openqa.selenium.TimeoutException: Expected condition failed: waiting for title to be "Budget Hotels in Mumbai, Online Budget Hotel Booking in Mumbai - FabHotels". Current title: "Hotels in Mumbai: Hotel Booking in Mumbai Starts @ ? 1499 - FabHotels.com" (tried for 20 second(s) with 500 MILLISECONDS interval)
Build info: version: '3.9.1', revision: '63f7b50', time: '2018-02-07T22:25:02.294Z'
System info: host: 'RAJESH-KUMAR4', ip: '172.32.24.57', os.name: 'Windows 7', os.arch: 'amd64', os.version: '6.1', java.version: '1.8.0_131'
Driver info: org.openqa.selenium.firefox.FirefoxDriver
Capabilities {acceptInsecureCerts: false, browserName: firefox, browserVersion: 59.0.2, javascriptEnabled: true, moz:accessibilityChecks: false, moz:headless: false, moz:processID: 13368, moz:profile: C:\Users\rajesh.kumar41\App..., moz:useNonSpecCompliantPointerOrigin: false, moz:webdriverClick: true, pageLoadStrategy: normal, platform: XP, platformName: XP, platformVersion: 6.1, proxy: Proxy(direct), rotatable: false, timeouts: {implicit: 0, pageLoad: 300000, script: 30000}}
Session ID: dc49e65f-129e-4599-aeea-23c2a7d2abd7
	at org.openqa.selenium.support.ui.WebDriverWait.timeoutException(WebDriverWait.java:82)
	at org.openqa.selenium.support.ui.FluentWait.until(FluentWait.java:231)
	at sprint_1.FabHotel_Search.hotelList(FabHotel_Search.java:94)

finalHotel_Book(sprint_1.FabHotel_Search)  Time elapsed: 0.004 sec  <<< FAILURE!
java.lang.IndexOutOfBoundsException: Index: 1, Size: 1
	at java.util.ArrayList.rangeCheck(ArrayList.java:653)
	at java.util.ArrayList.get(ArrayList.java:429)
	at sprint_1.FabHotel_Search.finalHotel_Book(FabHotel_Search.java:131)

review_Details(sprint_1.FabHotel_Search)  Time elapsed: 12.992 sec  <<< FAILURE!
org.openqa.selenium.TimeoutException: Expected condition failed: waiting for title to be "Checkout Confirmation - FabHotels.com". Current title: "FabHotels: India’s Best Budget Hotels" (tried for 20 second(s) with 500 MILLISECONDS interval)
Build info: version: '3.9.1', revision: '63f7b50', time: '2018-02-07T22:25:02.294Z'
System info: host: 'RAJESH-KUMAR4', ip: '172.32.24.57', os.name: 'Windows 7', os.arch: 'amd64', os.version: '6.1', java.version: '1.8.0_131'
Driver info: org.openqa.selenium.chrome.ChromeDriver
Capabilities {acceptSslCerts: true, applicationCacheEnabled: false, browserConnectionEnabled: false, browserName: chrome, chrome: {chromedriverVersion: 2.33.506120 (e3e53437346286..., userDataDir: C:\Users\RAJESH~1.KUM\AppDa...}, cssSelectorsEnabled: true, databaseEnabled: false, handlesAlerts: true, hasTouchScreen: false, javascriptEnabled: true, locationContextEnabled: true, mobileEmulationEnabled: false, nativeEvents: true, networkConnectionEnabled: false, pageLoadStrategy: normal, platform: XP, platformName: XP, rotatable: false, setWindowRect: true, takesHeapSnapshot: true, takesScreenshot: true, unexpectedAlertBehaviour: , unhandledPromptBehavior: , version: 65.0.3325.181, webStorageEnabled: true}
Session ID: 8adec5ec8af48d6f668d232787686d2e
	at org.openqa.selenium.support.ui.WebDriverWait.timeoutException(WebDriverWait.java:82)
	at org.openqa.selenium.support.ui.FluentWait.until(FluentWait.java:231)
	at sprint_1.FabHotel_Search.review_Details(FabHotel_Search.java:170)

review_Details(sprint_1.FabHotel_Search)  Time elapsed: 20.482 sec  <<< FAILURE!
org.openqa.selenium.TimeoutException: Expected condition failed: waiting for title to be "Checkout Confirmation - FabHotels.com". Current title: "Hotels in Mumbai: Hotel Booking in Mumbai Starts @ ? 1499 - FabHotels.com" (tried for 20 second(s) with 500 MILLISECONDS interval)
Build info: version: '3.9.1', revision: '63f7b50', time: '2018-02-07T22:25:02.294Z'
System info: host: 'RAJESH-KUMAR4', ip: '172.32.24.57', os.name: 'Windows 7', os.arch: 'amd64', os.version: '6.1', java.version: '1.8.0_131'
Driver info: org.openqa.selenium.firefox.FirefoxDriver
Capabilities {acceptInsecureCerts: false, browserName: firefox, browserVersion: 59.0.2, javascriptEnabled: true, moz:accessibilityChecks: false, moz:headless: false, moz:processID: 13368, moz:profile: C:\Users\rajesh.kumar41\App..., moz:useNonSpecCompliantPointerOrigin: false, moz:webdriverClick: true, pageLoadStrategy: normal, platform: XP, platformName: XP, platformVersion: 6.1, proxy: Proxy(direct), rotatable: false, timeouts: {implicit: 0, pageLoad: 300000, script: 30000}}
Session ID: dc49e65f-129e-4599-aeea-23c2a7d2abd7
	at org.openqa.selenium.support.ui.WebDriverWait.timeoutException(WebDriverWait.java:82)
	at org.openqa.selenium.support.ui.FluentWait.until(FluentWait.java:231)
	at sprint_1.FabHotel_Search.review_Details(FabHotel_Search.java:170)

